<?xml version="1.0" encoding="UTF-8"?>
<!-- Generated by org.testng.reporters.JUnitXMLReporter -->
<testsuite ignored="0" hostname="IN4-C138" failures="1" tests="1" name="Command line test" time="43.175" errors="0" timestamp="2023-06-19T16:11:38 IST">
  <testcase classname="com.RE.Engineering.Test.GRN_List_Test" name="GRN_List" time="41.066">
    <failure type="java.lang.NullPointerException" message="Cannot invoke &amp;quot;org.apache.poi.xssf.usermodel.XSSFSheet.getRow(int)&amp;quot; because &amp;quot;com.RE.Engineering.ObjectRepository.GRN_List.sheet&amp;quot; is null">
      <![CDATA[java.lang.NullPointerException: Cannot invoke "org.apache.poi.xssf.usermodel.XSSFSheet.getRow(int)" because "com.RE.Engineering.ObjectRepository.GRN_List.sheet" is null
at com.RE.Engineering.ObjectRepository.GRN_List.material(GRN_List.java:104)
at com.RE.Engineering.Test.GRN_List_Test.GRN_List(GRN_List_Test.java:20)
at java.base/java.util.ArrayList.forEach(ArrayList.java:1511)
at Utilities.Executer.main(Executer.java:17)
... Removed 24 stack frames]]>
    </failure>
  </testcase> <!-- GRN_List -->
</testsuite> <!-- Command line test -->
