<?xml version="1.0" encoding="UTF-8"?>
<testng-results ignored="0" total="1" passed="1" failed="0" skipped="0">
  <reporter-output>
  </reporter-output>
  <suite started-at="2023-02-09T10:16:28 IST" name="Default suite" finished-at="2023-02-09T10:20:24 IST" duration-ms="236371">
    <groups>
    </groups>
    <test started-at="2023-02-09T10:16:28 IST" name="Default test" finished-at="2023-02-09T10:20:24 IST" duration-ms="236371">
      <class name="com.RE.Engineering.Test.PO_List_Test">
        <test-method is-config="true" signature="loadClassFiles()[pri:0, instance:com.RE.Engineering.Test.PO_List_Test@69453e37]" started-at="2023-02-09T10:16:27 IST" name="loadClassFiles" finished-at="2023-02-09T10:16:28 IST" duration-ms="436" status="PASS">
          <reporter-output>
          </reporter-output>
        </test-method> <!-- loadClassFiles -->
        <test-method is-config="true" signature="preRequisite()[pri:0, instance:com.RE.Engineering.Test.PO_List_Test@69453e37]" started-at="2023-02-09T10:16:28 IST" name="preRequisite" finished-at="2023-02-09T10:16:28 IST" duration-ms="0" status="PASS">
          <reporter-output>
          </reporter-output>
        </test-method> <!-- preRequisite -->
        <test-method signature="PO_List()[pri:0, instance:com.RE.Engineering.Test.PO_List_Test@69453e37]" started-at="2023-02-09T10:16:28 IST" name="PO_List" finished-at="2023-02-09T10:20:24 IST" duration-ms="236355" status="PASS">
          <reporter-output>
          </reporter-output>
        </test-method> <!-- PO_List -->
        <test-method is-config="true" signature="endTest()[pri:0, instance:com.RE.Engineering.Test.PO_List_Test@69453e37]" started-at="2023-02-09T10:20:24 IST" name="endTest" finished-at="2023-02-09T10:20:24 IST" duration-ms="133" status="FAIL">
          <exception class="java.lang.NullPointerException">
            <message>
              <![CDATA[Cannot invoke "String.indexOf(String)" because "Utilities.DriverScript.sceenShotPath" is null]]>
            </message>
            <full-stacktrace>
              <![CDATA[java.lang.NullPointerException: Cannot invoke "String.indexOf(String)" because "Utilities.DriverScript.sceenShotPath" is null
at Utilities.DriverScript.endTest(DriverScript.java:103)
at java.base/jdk.internal.reflect.NativeMethodAccessorImpl.invoke0(Native Method)
at java.base/jdk.internal.reflect.NativeMethodAccessorImpl.invoke(NativeMethodAccessorImpl.java:77)
at java.base/jdk.internal.reflect.DelegatingMethodAccessorImpl.invoke(DelegatingMethodAccessorImpl.java:43)
at java.base/java.lang.reflect.Method.invoke(Method.java:568)
at org.testng.internal.MethodInvocationHelper.invokeMethod(MethodInvocationHelper.java:133)
at org.testng.internal.MethodInvocationHelper.invokeMethodConsideringTimeout(MethodInvocationHelper.java:62)
at org.testng.internal.ConfigInvoker.invokeConfigurationMethod(ConfigInvoker.java:385)
at org.testng.internal.ConfigInvoker.invokeConfigurations(ConfigInvoker.java:321)
at org.testng.SuiteRunner.privateRun(SuiteRunner.java:344)
at org.testng.SuiteRunner.run(SuiteRunner.java:276)
at org.testng.SuiteRunnerWorker.runSuite(SuiteRunnerWorker.java:53)
at org.testng.SuiteRunnerWorker.run(SuiteRunnerWorker.java:96)
at org.testng.TestNG.runSuitesSequentially(TestNG.java:1212)
at org.testng.TestNG.runSuitesLocally(TestNG.java:1134)
at org.testng.TestNG.runSuites(TestNG.java:1063)
at org.testng.TestNG.run(TestNG.java:1031)
at org.testng.remote.AbstractRemoteTestNG.run(AbstractRemoteTestNG.java:115)
at org.testng.remote.RemoteTestNG.initAndRun(RemoteTestNG.java:251)
at org.testng.remote.RemoteTestNG.main(RemoteTestNG.java:77)
]]>
            </full-stacktrace>
          </exception> <!-- java.lang.NullPointerException -->
          <reporter-output>
          </reporter-output>
        </test-method> <!-- endTest -->
      </class> <!-- com.RE.Engineering.Test.PO_List_Test -->
    </test> <!-- Default test -->
  </suite> <!-- Default suite -->
</testng-results>
